Build started 2013-12-28 오후 8:26:18.
     1>Project "C:\Users\GroundHomeRun\Desktop\OOP_Project4\Win32Start\Win32Start_1\Win32Start_1.vcxproj" on node 2 (build target(s)).
     1>PrepareForBuild:
         Creating directory "C:\Users\GroundHomeRun\Desktop\OOP_Project4\Win32Start\Debug\".
       InitializeBuildStatus:
         Creating "Debug\Win32Start_1.unsuccessfulbuild" because "AlwaysCreate" was specified.
       ClCompile:
         c:\Program Files (x86)\Microsoft Visual Studio 10.0\VC\bin\CL.exe /c /ZI /nologo /W3 /WX- /Od /Oy- /D WIN32 /D _DEBUG /D _WINDOWS /D _UNICODE /D UNICODE /Gm /EHsc /RTC1 /MDd /GS /fp:precise /Zc:wchar_t /Zc:forScope /Yc"StdAfx.h" /Fp"Debug\Win32Start_1.pch" /Fo"Debug\\" /Fd"Debug\vc100.pdb" /Gd /TP /analyze- /errorReport:prompt stdafx.cpp
         stdafx.cpp
         c:\Program Files (x86)\Microsoft Visual Studio 10.0\VC\bin\CL.exe /c /ZI /nologo /W3 /WX- /Od /Oy- /D WIN32 /D _DEBUG /D _WINDOWS /D _UNICODE /D UNICODE /Gm /EHsc /RTC1 /MDd /GS /fp:precise /Zc:wchar_t /Zc:forScope /Yu"StdAfx.h" /Fp"Debug\Win32Start_1.pch" /Fo"Debug\\" /Fd"Debug\vc100.pdb" /Gd /TP /analyze- /errorReport:prompt Win32Start_1.cpp
         Win32Start_1.cpp
       ResourceCompile:
         c:\Program Files (x86)\Microsoft SDKs\Windows\v7.0A\bin\rc.exe /D _UNICODE /D UNICODE /l"0x0409" /nologo /fo"Debug\Win32Start_1.res" Win32Start_1.rc 
       ManifestResourceCompile:
         c:\Program Files (x86)\Microsoft SDKs\Windows\v7.0A\bin\rc.exe /nologo /fo"Debug\Win32Start_1.exe.embed.manifest.res" Debug\Win32Start_1_manifest.rc 
       Link:
         c:\Program Files (x86)\Microsoft Visual Studio 10.0\VC\bin\link.exe /ERRORREPORT:PROMPT /OUT:"C:\Users\GroundHomeRun\Desktop\OOP_Project4\Win32Start\Debug\Win32Start_1.exe" /INCREMENTAL /NOLOGO kernel32.lib user32.lib gdi32.lib winspool.lib comdlg32.lib advapi32.lib shell32.lib ole32.lib oleaut32.lib uuid.lib odbc32.lib odbccp32.lib /MANIFEST /ManifestFile:"Debug\Win32Start_1.exe.intermediate.manifest" /MANIFESTUAC:"level='asInvoker' uiAccess='false'" /DEBUG /PDB:"C:\Users\GroundHomeRun\Desktop\OOP_Project4\Win32Start\Debug\Win32Start_1.pdb" /SUBSYSTEM:WINDOWS /TLBID:1 /DYNAMICBASE /NXCOMPAT /IMPLIB:"C:\Users\GroundHomeRun\Desktop\OOP_Project4\Win32Start\Debug\Win32Start_1.lib" /MACHINE:X86 Debug\Win32Start_1.res
         Debug\Win32Start_1.exe.embed.manifest.res
         Debug\stdafx.obj
         Debug\Win32Start_1.obj
       Manifest:
         c:\Program Files (x86)\Microsoft SDKs\Windows\v7.0A\bin\mt.exe /nologo /verbose /out:"Debug\Win32Start_1.exe.embed.manifest" /manifest Debug\Win32Start_1.exe.intermediate.manifest
         c:\Program Files (x86)\Microsoft SDKs\Windows\v7.0A\bin\rc.exe /nologo /fo"Debug\Win32Start_1.exe.embed.manifest.res" Debug\Win32Start_1_manifest.rc 
       LinkEmbedManifest:
         c:\Program Files (x86)\Microsoft Visual Studio 10.0\VC\bin\link.exe /ERRORREPORT:PROMPT /OUT:"C:\Users\GroundHomeRun\Desktop\OOP_Project4\Win32Start\Debug\Win32Start_1.exe" /INCREMENTAL /NOLOGO kernel32.lib user32.lib gdi32.lib winspool.lib comdlg32.lib advapi32.lib shell32.lib ole32.lib oleaut32.lib uuid.lib odbc32.lib odbccp32.lib /MANIFEST /ManifestFile:"Debug\Win32Start_1.exe.intermediate.manifest" /MANIFESTUAC:"level='asInvoker' uiAccess='false'" /DEBUG /PDB:"C:\Users\GroundHomeRun\Desktop\OOP_Project4\Win32Start\Debug\Win32Start_1.pdb" /SUBSYSTEM:WINDOWS /TLBID:1 /DYNAMICBASE /NXCOMPAT /IMPLIB:"C:\Users\GroundHomeRun\Desktop\OOP_Project4\Win32Start\Debug\Win32Start_1.lib" /MACHINE:X86 Debug\Win32Start_1.res
         Debug\Win32Start_1.exe.embed.manifest.res
         Debug\stdafx.obj
         Debug\Win32Start_1.obj
         Win32Start_1.vcxproj -> C:\Users\GroundHomeRun\Desktop\OOP_Project4\Win32Start\Debug\Win32Start_1.exe
       FinalizeBuildStatus:
         Deleting file "Debug\Win32Start_1.unsuccessfulbuild".
         Touching "Debug\Win32Start_1.lastbuildstate".
     1>Done Building Project "C:\Users\GroundHomeRun\Desktop\OOP_Project4\Win32Start\Win32Start_1\Win32Start_1.vcxproj" (build target(s)).

Build succeeded.

Time Elapsed 00:00:03.75
